*** Using Compiler 'V5.06 update 6 (build 750)', folder: 'F:\Keil_v5\ARM\ARMCC\Bin'
Build target 'Demo'
compiling main.c...
compiling task_irq.c...
compiling task_sysinit.c...
compiling usercode.c...
compiling task_motor.c...
compiling task_steer.c...
compiling bsp_io.c...
compiling task_userinit.c...
compiling ocd_at24cxx.c...
compiling ocd_ds3231.c...
compiling ocd_ads4111.c...
compiling ocd_ads1256.c...
compiling ff.c...
compiling diskio.c...
compiling ocd_jy901.c...
compiling ocd_fatfs.c...
compiling ocd_sdcard.c...
compiling sga_func.c...
compiling drv_hal_delay.c...
compiling drv_hal.c...
compiling drv_hal_adc.c...
compiling drv_hal_gpio.c...
compiling drv_hal_iic_soft.c...
compiling drv_hal_spi.c...
compiling drv_hal_timer.c...
compiling drv_hal_pwm.c...
compiling stm32f1xx_hal.c...
compiling stm32f1xx_hal_adc_ex.c...
compiling drv_hal_uart.c...
compiling stm32f1xx_hal_adc.c...
compiling stm32f1xx_hal_can.c...
compiling stm32f1xx_hal_cec.c...
compiling stm32f1xx_hal_cortex.c...
compiling stm32f1xx_hal_crc.c...
compiling stm32f1xx_hal_dac.c...
compiling stm32f1xx_hal_eth.c...
compiling stm32f1xx_hal_dac_ex.c...
compiling stm32f1xx_hal_dma.c...
compiling stm32f1xx_hal_gpio.c...
compiling stm32f1xx_hal_exti.c...
compiling stm32f1xx_hal_flash.c...
compiling stm32f1xx_hal_flash_ex.c...
compiling stm32f1xx_hal_i2c.c...
compiling stm32f1xx_hal_i2s.c...
compiling stm32f1xx_hal_hcd.c...
compiling stm32f1xx_hal_gpio_ex.c...
compiling stm32f1xx_hal_irda.c...
compiling stm32f1xx_hal_iwdg.c...
compiling stm32f1xx_hal_mmc.c...
compiling stm32f1xx_hal_nand.c...
compiling stm32f1xx_hal_pcd_ex.c...
compiling stm32f1xx_hal_nor.c...
compiling stm32f1xx_hal_pccard.c...
compiling stm32f1xx_hal_pcd.c...
compiling stm32f1xx_hal_pwr.c...
compiling stm32f1xx_hal_rcc_ex.c...
compiling stm32f1xx_hal_rtc.c...
compiling stm32f1xx_hal_rcc.c...
compiling stm32f1xx_hal_rtc_ex.c...
compiling stm32f1xx_hal_sd.c...
compiling stm32f1xx_hal_smartcard.c...
compiling stm32f1xx_hal_spi.c...
compiling stm32f1xx_hal_sram.c...
compiling stm32f1xx_hal_uart.c...
compiling stm32f1xx_hal_tim_ex.c...
compiling stm32f1xx_hal_tim.c...
assembling startup_stm32f103xe.s...
compiling system_stm32f1xx.c...
compiling stm32f1xx_hal_wwdg.c...
compiling stm32f1xx_hal_usart.c...
linking...
Program Size: Code=11790 RO-data=362 RW-data=1296 ZI-data=1024  
".\Objects\STM32.axf" - 0 Error(s), 0 Warning(s).
Build Time Elapsed:  00:01:01
